<?xml version="1.0" encoding="UTF-8"?>
<testsuite name="com.elastra.meli.Util.CoordinateCalculatorTest" tests="4" skipped="0" failures="0" errors="0" timestamp="2019-01-23T16:28:06" hostname="elastra" time="0.008">
  <properties/>
  <testcase name="when_planets_are_not_aligned_and_sun_is_in_triangle_the_calculator_should_return_one" classname="com.elastra.meli.Util.CoordinateCalculatorTest" time="0.005"/>
  <testcase name="when_planets_are_aligned_the_calculator_should_return_zero" classname="com.elastra.meli.Util.CoordinateCalculatorTest" time="0.001"/>
  <testcase name="when_planets_are_not_aligned_the_calculator_should_return_one" classname="com.elastra.meli.Util.CoordinateCalculatorTest" time="0.001"/>
  <testcase name="when_planets_are_not_aligned_and_sun_is_not_in_triangle_the_calculator_should_return_zero" classname="com.elastra.meli.Util.CoordinateCalculatorTest" time="0.001"/>
  <system-out><![CDATA[]]></system-out>
  <system-err><![CDATA[]]></system-err>
</testsuite>
