<?xml version="1.0" encoding="UTF-8"?>
<testsuite name="com.elastra.meli.MeliApplicationTests" tests="1" skipped="0" failures="0" errors="0" timestamp="2019-01-23T16:28:06" hostname="elastra" time="0.003">
  <properties/>
  <testcase name="contextLoads" classname="com.elastra.meli.MeliApplicationTests" time="0.003"/>
  <system-out><![CDATA[2019-01-23 13:28:06.069  INFO 1858 --- [    Test worker] .b.t.c.SpringBootTestContextBootstrapper : Neither @ContextConfiguration nor @ContextHierarchy found for test class [com.elastra.meli.MeliApplicationTests], using SpringBootContextLoader
2019-01-23 13:28:06.070  INFO 1858 --- [    Test worker] o.s.t.c.support.AbstractContextLoader    : Could not detect default resource locations for test class [com.elastra.meli.MeliApplicationTests]: no resource found for suffixes {-context.xml, Context.groovy}.
2019-01-23 13:28:06.070  INFO 1858 --- [    Test worker] t.c.s.AnnotationConfigContextLoaderUtils : Could not detect default configuration classes for test class [com.elastra.meli.MeliApplicationTests]: MeliApplicationTests does not declare any static, non-private, non-final, nested classes annotated with @Configuration.
2019-01-23 13:28:06.074  INFO 1858 --- [    Test worker] .b.t.c.SpringBootTestContextBootstrapper : Found @SpringBootConfiguration com.elastra.meli.MeliApplication for test class com.elastra.meli.MeliApplicationTests
2019-01-23 13:28:06.076  INFO 1858 --- [    Test worker] .b.t.c.SpringBootTestContextBootstrapper : Loaded default TestExecutionListener class names from location [META-INF/spring.factories]: [org.springframework.boot.test.autoconfigure.restdocs.RestDocsTestExecutionListener, org.springframework.boot.test.autoconfigure.web.client.MockRestServiceServerResetTestExecutionListener, org.springframework.boot.test.autoconfigure.web.servlet.MockMvcPrintOnlyOnFailureTestExecutionListener, org.springframework.boot.test.autoconfigure.web.servlet.WebDriverTestExecutionListener, org.springframework.boot.test.mock.mockito.MockitoTestExecutionListener, org.springframework.boot.test.mock.mockito.ResetMocksTestExecutionListener, org.springframework.test.context.web.ServletTestExecutionListener, org.springframework.test.context.support.DirtiesContextBeforeModesTestExecutionListener, org.springframework.test.context.support.DependencyInjectionTestExecutionListener, org.springframework.test.context.support.DirtiesContextTestExecutionListener, org.springframework.test.context.transaction.TransactionalTestExecutionListener, org.springframework.test.context.jdbc.SqlScriptsTestExecutionListener]
2019-01-23 13:28:06.079  INFO 1858 --- [    Test worker] .b.t.c.SpringBootTestContextBootstrapper : Using TestExecutionListeners: [org.springframework.test.context.web.ServletTestExecutionListener@7dcf1e22, org.springframework.test.context.support.DirtiesContextBeforeModesTestExecutionListener@4e195f14, org.springframework.boot.test.mock.mockito.MockitoTestExecutionListener@49bb3e43, org.springframework.boot.test.autoconfigure.SpringBootDependencyInjectionTestExecutionListener@7fa208f1, org.springframework.test.context.support.DirtiesContextTestExecutionListener@7a192729, org.springframework.test.context.transaction.TransactionalTestExecutionListener@7efc3681, org.springframework.test.context.jdbc.SqlScriptsTestExecutionListener@6ea5563b, org.springframework.boot.test.autoconfigure.restdocs.RestDocsTestExecutionListener@1af3e9e, org.springframework.boot.test.autoconfigure.web.client.MockRestServiceServerResetTestExecutionListener@323c61ed, org.springframework.boot.test.autoconfigure.web.servlet.MockMvcPrintOnlyOnFailureTestExecutionListener@2deb1115, org.springframework.boot.test.autoconfigure.web.servlet.WebDriverTestExecutionListener@69bb9e1d, org.springframework.boot.test.mock.mockito.ResetMocksTestExecutionListener@1118167a]
]]></system-out>
  <system-err><![CDATA[]]></system-err>
</testsuite>
