<?xml version="1.0" encoding="UTF-8"?>
<testsuite name="com.elastra.meli.Repository.PlanetRepositoryTest" tests="1" skipped="0" failures="0" errors="0" timestamp="2019-01-23T16:28:06" hostname="elastra" time="0.008">
  <properties/>
  <testcase name="plantetLoad" classname="com.elastra.meli.Repository.PlanetRepositoryTest" time="0.008"/>
  <system-out><![CDATA[2019-01-23 13:28:06.049  INFO 1858 --- [    Test worker] .b.t.c.SpringBootTestContextBootstrapper : Neither @ContextConfiguration nor @ContextHierarchy found for test class [com.elastra.meli.Repository.PlanetRepositoryTest], using SpringBootContextLoader
2019-01-23 13:28:06.049  INFO 1858 --- [    Test worker] o.s.t.c.support.AbstractContextLoader    : Could not detect default resource locations for test class [com.elastra.meli.Repository.PlanetRepositoryTest]: no resource found for suffixes {-context.xml, Context.groovy}.
2019-01-23 13:28:06.049  INFO 1858 --- [    Test worker] t.c.s.AnnotationConfigContextLoaderUtils : Could not detect default configuration classes for test class [com.elastra.meli.Repository.PlanetRepositoryTest]: PlanetRepositoryTest does not declare any static, non-private, non-final, nested classes annotated with @Configuration.
2019-01-23 13:28:06.054  INFO 1858 --- [    Test worker] .b.t.c.SpringBootTestContextBootstrapper : Found @SpringBootConfiguration com.elastra.meli.MeliApplication for test class com.elastra.meli.Repository.PlanetRepositoryTest
2019-01-23 13:28:06.056  INFO 1858 --- [    Test worker] .b.t.c.SpringBootTestContextBootstrapper : Loaded default TestExecutionListener class names from location [META-INF/spring.factories]: [org.springframework.boot.test.autoconfigure.restdocs.RestDocsTestExecutionListener, org.springframework.boot.test.autoconfigure.web.client.MockRestServiceServerResetTestExecutionListener, org.springframework.boot.test.autoconfigure.web.servlet.MockMvcPrintOnlyOnFailureTestExecutionListener, org.springframework.boot.test.autoconfigure.web.servlet.WebDriverTestExecutionListener, org.springframework.boot.test.mock.mockito.MockitoTestExecutionListener, org.springframework.boot.test.mock.mockito.ResetMocksTestExecutionListener, org.springframework.test.context.web.ServletTestExecutionListener, org.springframework.test.context.support.DirtiesContextBeforeModesTestExecutionListener, org.springframework.test.context.support.DependencyInjectionTestExecutionListener, org.springframework.test.context.support.DirtiesContextTestExecutionListener, org.springframework.test.context.transaction.TransactionalTestExecutionListener, org.springframework.test.context.jdbc.SqlScriptsTestExecutionListener]
2019-01-23 13:28:06.058  INFO 1858 --- [    Test worker] .b.t.c.SpringBootTestContextBootstrapper : Using TestExecutionListeners: [org.springframework.test.context.web.ServletTestExecutionListener@500c5a7c, org.springframework.test.context.support.DirtiesContextBeforeModesTestExecutionListener@45a63c47, org.springframework.boot.test.mock.mockito.MockitoTestExecutionListener@44b0e5f, org.springframework.boot.test.autoconfigure.SpringBootDependencyInjectionTestExecutionListener@1dbda199, org.springframework.test.context.support.DirtiesContextTestExecutionListener@2f50c7e8, org.springframework.test.context.transaction.TransactionalTestExecutionListener@5b608241, org.springframework.test.context.jdbc.SqlScriptsTestExecutionListener@7054684, org.springframework.boot.test.autoconfigure.restdocs.RestDocsTestExecutionListener@77449e94, org.springframework.boot.test.autoconfigure.web.client.MockRestServiceServerResetTestExecutionListener@5e826813, org.springframework.boot.test.autoconfigure.web.servlet.MockMvcPrintOnlyOnFailureTestExecutionListener@1af9b08, org.springframework.boot.test.autoconfigure.web.servlet.WebDriverTestExecutionListener@2cb3ccdf, org.springframework.boot.test.mock.mockito.ResetMocksTestExecutionListener@7fd047e3]
]]></system-out>
  <system-err><![CDATA[]]></system-err>
</testsuite>
