<?xml version="1.0" encoding="UTF-8"?>
<testsuite name="com.elastra.meli.Service.WeatherPredictionServiceTest" tests="1" skipped="0" failures="0" errors="0" timestamp="2019-01-23T16:28:07" hostname="elastra" time="0.655">
  <properties/>
  <testcase name="when_run_calculateAndPesistPredictions_with_ten_years_should_persist_3650_registers" classname="com.elastra.meli.Service.WeatherPredictionServiceTest" time="0.655"/>
  <system-out><![CDATA[2019-01-23 13:28:07.919  INFO 1858 --- [    Test worker] .b.t.c.SpringBootTestContextBootstrapper : Neither @ContextConfiguration nor @ContextHierarchy found for test class [com.elastra.meli.Service.WeatherPredictionServiceTest], using SpringBootContextLoader
2019-01-23 13:28:07.920  INFO 1858 --- [    Test worker] o.s.t.c.support.AbstractContextLoader    : Could not detect default resource locations for test class [com.elastra.meli.Service.WeatherPredictionServiceTest]: no resource found for suffixes {-context.xml, Context.groovy}.
2019-01-23 13:28:07.920  INFO 1858 --- [    Test worker] t.c.s.AnnotationConfigContextLoaderUtils : Could not detect default configuration classes for test class [com.elastra.meli.Service.WeatherPredictionServiceTest]: WeatherPredictionServiceTest does not declare any static, non-private, non-final, nested classes annotated with @Configuration.
2019-01-23 13:28:07.923  INFO 1858 --- [    Test worker] .b.t.c.SpringBootTestContextBootstrapper : Found @SpringBootConfiguration com.elastra.meli.MeliApplication for test class com.elastra.meli.Service.WeatherPredictionServiceTest
2019-01-23 13:28:07.925  INFO 1858 --- [    Test worker] .b.t.c.SpringBootTestContextBootstrapper : Loaded default TestExecutionListener class names from location [META-INF/spring.factories]: [org.springframework.boot.test.autoconfigure.restdocs.RestDocsTestExecutionListener, org.springframework.boot.test.autoconfigure.web.client.MockRestServiceServerResetTestExecutionListener, org.springframework.boot.test.autoconfigure.web.servlet.MockMvcPrintOnlyOnFailureTestExecutionListener, org.springframework.boot.test.autoconfigure.web.servlet.WebDriverTestExecutionListener, org.springframework.boot.test.mock.mockito.MockitoTestExecutionListener, org.springframework.boot.test.mock.mockito.ResetMocksTestExecutionListener, org.springframework.test.context.web.ServletTestExecutionListener, org.springframework.test.context.support.DirtiesContextBeforeModesTestExecutionListener, org.springframework.test.context.support.DependencyInjectionTestExecutionListener, org.springframework.test.context.support.DirtiesContextTestExecutionListener, org.springframework.test.context.transaction.TransactionalTestExecutionListener, org.springframework.test.context.jdbc.SqlScriptsTestExecutionListener]
2019-01-23 13:28:07.927  INFO 1858 --- [    Test worker] .b.t.c.SpringBootTestContextBootstrapper : Using TestExecutionListeners: [org.springframework.test.context.web.ServletTestExecutionListener@9570f1b, org.springframework.test.context.support.DirtiesContextBeforeModesTestExecutionListener@35e17570, org.springframework.boot.test.mock.mockito.MockitoTestExecutionListener@4a536419, org.springframework.boot.test.autoconfigure.SpringBootDependencyInjectionTestExecutionListener@82074aa, org.springframework.test.context.support.DirtiesContextTestExecutionListener@393e9d62, org.springframework.test.context.transaction.TransactionalTestExecutionListener@74a35c0, org.springframework.test.context.jdbc.SqlScriptsTestExecutionListener@5668fa9c, org.springframework.boot.test.autoconfigure.restdocs.RestDocsTestExecutionListener@5d6641df, org.springframework.boot.test.autoconfigure.web.client.MockRestServiceServerResetTestExecutionListener@10fe129c, org.springframework.boot.test.autoconfigure.web.servlet.MockMvcPrintOnlyOnFailureTestExecutionListener@46ccc176, org.springframework.boot.test.autoconfigure.web.servlet.WebDriverTestExecutionListener@57e17f29, org.springframework.boot.test.mock.mockito.ResetMocksTestExecutionListener@38e6a4b3]
2019-01-23 13:28:07.935  INFO 1858 --- [    Test worker] o.s.s.concurrent.ThreadPoolTaskExecutor  : Initializing ExecutorService  'executor'
2019-01-23 13:28:07.989  INFO 1858 --- [    Test worker] o.s.s.concurrent.ThreadPoolTaskExecutor  : Shutting down ExecutorService 'executor'
]]></system-out>
  <system-err><![CDATA[]]></system-err>
</testsuite>
