<?xml version="1.0" encoding="UTF-8"?>
<testsuite name="com.elastra.meli.Service.PlanetPositionServiceTest" tests="1" skipped="0" failures="0" errors="0" timestamp="2019-01-23T16:28:06" hostname="elastra" time="1.801">
  <properties/>
  <testcase name="when_run_calculateAndPesistPredictions_with_ten_years_should_persist_3650_registers" classname="com.elastra.meli.Service.PlanetPositionServiceTest" time="1.801"/>
  <system-out><![CDATA[2019-01-23 13:28:06.100  INFO 1858 --- [    Test worker] .b.t.c.SpringBootTestContextBootstrapper : Neither @ContextConfiguration nor @ContextHierarchy found for test class [com.elastra.meli.Service.PlanetPositionServiceTest], using SpringBootContextLoader
2019-01-23 13:28:06.100  INFO 1858 --- [    Test worker] o.s.t.c.support.AbstractContextLoader    : Could not detect default resource locations for test class [com.elastra.meli.Service.PlanetPositionServiceTest]: no resource found for suffixes {-context.xml, Context.groovy}.
2019-01-23 13:28:06.100  INFO 1858 --- [    Test worker] t.c.s.AnnotationConfigContextLoaderUtils : Could not detect default configuration classes for test class [com.elastra.meli.Service.PlanetPositionServiceTest]: PlanetPositionServiceTest does not declare any static, non-private, non-final, nested classes annotated with @Configuration.
2019-01-23 13:28:06.106  INFO 1858 --- [    Test worker] .b.t.c.SpringBootTestContextBootstrapper : Found @SpringBootConfiguration com.elastra.meli.MeliApplication for test class com.elastra.meli.Service.PlanetPositionServiceTest
2019-01-23 13:28:06.111  INFO 1858 --- [    Test worker] .b.t.c.SpringBootTestContextBootstrapper : Loaded default TestExecutionListener class names from location [META-INF/spring.factories]: [org.springframework.boot.test.autoconfigure.restdocs.RestDocsTestExecutionListener, org.springframework.boot.test.autoconfigure.web.client.MockRestServiceServerResetTestExecutionListener, org.springframework.boot.test.autoconfigure.web.servlet.MockMvcPrintOnlyOnFailureTestExecutionListener, org.springframework.boot.test.autoconfigure.web.servlet.WebDriverTestExecutionListener, org.springframework.boot.test.mock.mockito.MockitoTestExecutionListener, org.springframework.boot.test.mock.mockito.ResetMocksTestExecutionListener, org.springframework.test.context.web.ServletTestExecutionListener, org.springframework.test.context.support.DirtiesContextBeforeModesTestExecutionListener, org.springframework.test.context.support.DependencyInjectionTestExecutionListener, org.springframework.test.context.support.DirtiesContextTestExecutionListener, org.springframework.test.context.transaction.TransactionalTestExecutionListener, org.springframework.test.context.jdbc.SqlScriptsTestExecutionListener]
2019-01-23 13:28:06.113  INFO 1858 --- [    Test worker] .b.t.c.SpringBootTestContextBootstrapper : Using TestExecutionListeners: [org.springframework.test.context.web.ServletTestExecutionListener@2aa2ddfb, org.springframework.test.context.support.DirtiesContextBeforeModesTestExecutionListener@74206e81, org.springframework.boot.test.mock.mockito.MockitoTestExecutionListener@5ce54d80, org.springframework.boot.test.autoconfigure.SpringBootDependencyInjectionTestExecutionListener@6de2caf1, org.springframework.test.context.support.DirtiesContextTestExecutionListener@51138fb3, org.springframework.test.context.transaction.TransactionalTestExecutionListener@2630a776, org.springframework.test.context.jdbc.SqlScriptsTestExecutionListener@504f777d, org.springframework.boot.test.autoconfigure.restdocs.RestDocsTestExecutionListener@2b818ac7, org.springframework.boot.test.autoconfigure.web.client.MockRestServiceServerResetTestExecutionListener@66a2f613, org.springframework.boot.test.autoconfigure.web.servlet.MockMvcPrintOnlyOnFailureTestExecutionListener@458ae6a6, org.springframework.boot.test.autoconfigure.web.servlet.WebDriverTestExecutionListener@6e5585f5, org.springframework.boot.test.mock.mockito.ResetMocksTestExecutionListener@49a5ed4a]
2019-01-23 13:28:06.139  INFO 1858 --- [    Test worker] o.s.s.concurrent.ThreadPoolTaskExecutor  : Initializing ExecutorService  'executor'
2019-01-23 13:28:06.244  INFO 1858 --- [    Test worker] o.s.s.concurrent.ThreadPoolTaskExecutor  : Shutting down ExecutorService 'executor'
]]></system-out>
  <system-err><![CDATA[]]></system-err>
</testsuite>
